2024-09-27 15:31:06,814 - WARNING - /mnt/c/Users/TI/Project/env/lib/python3.8/site-packages/transformers/tokenization_utils_base.py:1601: FutureWarning: `clean_up_tokenization_spaces` was not set. It will be set to `True` by default. This behavior will be depracted in transformers v4.45, and will be then set to `False` by default. For more details check this issue: https://github.com/huggingface/transformers/issues/31884
  warnings.warn(

2024-09-27 15:31:06,832 - INFO - Extraindo áudio do vídeo: /mnt/c/Users/TI/Project/videos/teste1.mp4
2024-09-27 15:31:10,351 - INFO - Áudio extraído e salvo em: temp_audio.wav
2024-09-27 15:31:10,351 - INFO - Iniciando a transcrição do áudio: temp_audio.wav
2024-09-27 15:31:10,672 - WARNING - /mnt/c/Users/TI/Project/env/lib/python3.8/site-packages/whisper/__init__.py:146: FutureWarning: You are using `torch.load` with `weights_only=False` (the current default value), which uses the default pickle module implicitly. It is possible to construct malicious pickle data which will execute arbitrary code during unpickling (See https://github.com/pytorch/pytorch/blob/main/SECURITY.md#untrusted-models for more details). In a future release, the default value for `weights_only` will be flipped to `True`. This limits the functions that could be executed during unpickling. Arbitrary objects will no longer be allowed to be loaded via this mode unless they are explicitly allowlisted by the user via `torch.serialization.add_safe_globals`. We recommend you start setting `weights_only=True` for any use case where you don't have full control of the loaded file. Please open an issue on GitHub for any issues related to this experimental feature.
  checkpoint = torch.load(fp, map_location=device)

2024-09-27 15:31:11,416 - WARNING - /mnt/c/Users/TI/Project/env/lib/python3.8/site-packages/whisper/transcribe.py:126: UserWarning: FP16 is not supported on CPU; using FP32 instead
  warnings.warn("FP16 is not supported on CPU; using FP32 instead")

2024-09-27 15:33:36,423 - INFO - Transcrição concluída com sucesso
2024-09-27 15:33:49,315 - INFO - Selecionados 5 cortes com duração entre 1.00 e 1.50 minutos.
2024-09-27 15:33:49,315 - INFO - Salvando a legenda editada como: /mnt/c/Users/TI/Project/subtitles/teste1_01_Corte.srt
2024-09-27 15:33:49,316 - INFO - Legenda editada salva com sucesso em: /mnt/c/Users/TI/Project/subtitles/teste1_01_Corte.srt
2024-09-27 15:33:49,316 - INFO - Legendas editadas salvas em: /mnt/c/Users/TI/Project/subtitles/teste1_01_Corte.srt
2024-09-27 15:33:50,187 - INFO - Cortando o vídeo de 00:09:02,500 até 00:10:53,000.
2024-09-27 15:35:59,763 - INFO - Corte salvo em: /mnt/c/Users/TI/Project/subtitles/teste1_cut_1.mp4
2024-09-27 15:35:59,763 - INFO - Cortando o vídeo de 00:06:55,500 até 00:09:03,000.
2024-09-27 15:38:35,886 - INFO - Corte salvo em: /mnt/c/Users/TI/Project/subtitles/teste1_cut_2.mp4
2024-09-27 15:38:35,887 - INFO - Cortando o vídeo de 00:05:14,500 até 00:06:56,000.
2024-09-27 15:40:49,420 - INFO - Corte salvo em: /mnt/c/Users/TI/Project/subtitles/teste1_cut_3.mp4
2024-09-27 15:40:49,421 - INFO - Cortando o vídeo de 00:00:00,000 até 00:01:42,000.
2024-09-27 15:43:04,402 - INFO - Corte salvo em: /mnt/c/Users/TI/Project/subtitles/teste1_cut_4.mp4
2024-09-27 15:43:04,402 - INFO - Cortando o vídeo de 00:03:22,500 até 00:05:12,000.
2024-09-27 15:45:38,425 - INFO - Corte salvo em: /mnt/c/Users/TI/Project/subtitles/teste1_cut_5.mp4
2024-09-27 15:45:38,449 - INFO - Processo de transcrição concluído com sucesso. Legenda editada salva em: /mnt/c/Users/TI/Project/subtitles/teste1_01_Corte.srt
